2025-08-06 10:37:05.578 - DBeaver 22.2.1.202209251341 is starting
2025-08-06 10:37:05.581 - OS: Windows 10 10.0 (amd64)
2025-08-06 10:37:05.581 - Java version: 11.0.12 by Eclipse Foundation (64bit)
2025-08-06 10:37:05.582 - Install path: 'C:\Users\jinyoung bae\Desktop\gb_0900_ksy\dbms\mysql\resource\dbeaver-ce-22.2.1-win32.win32.x86_64\dbeaver'
2025-08-06 10:37:05.582 - Instance path: 'file:/C:/Users/jinyoung bae/Desktop/gb_0900_ksy/dbms/mysql/workspace/'
2025-08-06 10:37:05.582 - Memory available 64Mb/1024Mb
2025-08-06 10:37:05.611 - Create display
2025-08-06 10:37:05.753 - Initializing DBeaver 22.2.1
2025-08-06 10:37:05.754 - Host plugin: org.jkiss.dbeaver.ui.app.standalone 22.2.1.202209251341
2025-08-06 10:37:05.754 - Initialize desktop platform...
2025-08-06 10:37:06.006 - BounceCastle bundle found. Use JCE provider BC
> Start Core File Systems [org.eclipse.core.filesystem 1.9.400.v20220419-0658]
> Start Core Resource Management [org.eclipse.core.resources 3.17.0.v20220517-0751]
> Start DBeaver UI Navigator [org.jkiss.dbeaver.ui.navigator 1.0.90.202209251341]
> Start 팀 지원 핵심 [org.eclipse.team.core 3.9.400.v20220511-1440]
2025-08-06 10:37:06.537 - Initialize base platform...
> Start Expression Language [org.eclipse.core.expressions 3.8.100.v20210910-0640]
2025-08-06 10:37:06.567 - Platform initialized (813ms)
> Start DBeaver UI Editors - Base [org.jkiss.dbeaver.ui.editors.base 1.0.90.202209251341]
2025-08-06 10:37:06.595 - Starting RMI server at 53144
2025-08-06 10:37:06.943 - Run workbench
> Start Eclipse e4 작업영역 SWT [org.eclipse.e4.ui.workbench.swt 0.16.500.v20220506-1520]
> Start Eclipse Application Services [org.eclipse.e4.core.services 2.3.200.v20220513-1235]
> Start Eclipse UI Application Services [org.eclipse.e4.ui.services 1.5.0.v20210115-1333]
> Start EMF XML/XMI Persistence [org.eclipse.emf.ecore.xmi 2.16.0.v20190528-0725]
> Start Eclipse CSS SWT Theme Support [org.eclipse.e4.ui.css.swt.theme 0.13.100.v20220310-1056]
> Start Eclipse e4 작업영역 기능 추가 [org.eclipse.e4.ui.workbench.addons.swt 1.4.400.v20211102-0453]
> Start Eclipse e4 작업영역 SWT 렌더러 [org.eclipse.e4.ui.workbench.renderers.swt 0.15.500.v20220511-1638]
> Start Eclipse Bindings Support [org.eclipse.e4.ui.bindings 0.13.100.v20210722-1426]
> Start Eclipse Dependency Injection Extensions [org.eclipse.e4.core.di.extensions 0.17.100.v20210910-0640]
> Start Eclipse CSS SWT Support [org.eclipse.e4.ui.css.swt 0.14.500.v20220511-1639]
> Start DBeaver UI [org.jkiss.dbeaver.ui 5.1.105.202209251341]
> Start Java Native Access [com.sun.jna 5.8.0.v20210503-0343]
Warning: NLS unused message: BlockedJobsDialog_UserInterfaceTreeElement in: org.eclipse.ui.internal.progress.messages
2025-08-06 10:37:22.989 - Configure workbench window
> Start 도움말 시스템 코어 [org.eclipse.help 3.9.100.v20210721-0601]
2025-08-06 10:37:23.202 - Create actions
2025-08-06 10:37:23.208 - Disable Eclipse action set 'org.eclipse.ui.edit.text.actionSet.annotationNavigation'
2025-08-06 10:37:23.210 - Disable Eclipse action set 'org.eclipse.ui.WorkingSetActionSet'
2025-08-06 10:37:23.210 - Disable Eclipse action set 'org.eclipse.ui.actionSet.openFiles'
2025-08-06 10:37:23.751 - Initialize workbench window
2025-08-06 10:37:23.761 - Finish initialization
> Start 기본 문서 편집기 [org.eclipse.ui.editors 3.14.300.v20210913-0815]
> Start 텍스트 편집기 프레임워크 [org.eclipse.ui.workbench.texteditor 3.16.500.v20220331-0848]
> Start DBeaver UI Editors - Data [org.jkiss.dbeaver.ui.editors.data 1.0.90.202209251341]
> Start DBeaver SQL Model [org.jkiss.dbeaver.model.sql 1.0.80.202209251341]
Warning: NLS unused message: actions_navigator__objects in: org.jkiss.dbeaver.ui.editors.sql.internal.SQLEditorMessages
> Start DBeaver UI Editors - SQL [org.jkiss.dbeaver.ui.editors.sql 1.0.90.202209251341]
> Start 핵심 비교 지원 [org.eclipse.compare.core 3.7.0.v20220513-0551]
> Start Equinox Java Authentication and Authorization Service (JAAS) [org.eclipse.equinox.security 1.3.900.v20220108-1321]
> Start 인터넷 연결 관리 사용자 인터페이스 [org.eclipse.ui.net 1.4.0.v20210426-0838]
> Start Internet Connection Management [org.eclipse.core.net 1.3.1200.v20220312-1450]
2025-08-06 10:37:26.976 - Total database drivers: 100 (100)
> Start DBeaver Sample Database [org.jkiss.dbeaver.ext.sample.database 1.0.127.202209251341]
> Start DBeaver Tip of the day [org.jkiss.dbeaver.ext.ui.tipoftheday 1.0.96.202209251341]
> Start Draw2d [org.eclipse.draw2dl 3.12.100.20220905153936]
> Start GEF3 GEF (MVC) [org.eclipse.gef3 3.12.100.20220905153936]
> Start DBeaver ERD UI [org.jkiss.dbeaver.erd.ui 3.0.50.202209251341]
> Start DBeaver ERD Model [org.jkiss.dbeaver.erd.model 1.0.50.202209251341]
> Start 콘솔 [org.eclipse.ui.console 3.11.200.v20220324-0630]
Warning: NLS unused message: InputStreamMonitor_label in: org.eclipse.debug.internal.core.DebugCoreMessages
Warning: NLS unused message: OutputStreamMonitor_label in: org.eclipse.debug.internal.core.DebugCoreMessages
> Start 디버그 핵심 [org.eclipse.debug.core 3.19.100.v20220324-0630]
2025-08-06 10:37:28.422 - Connect with 'localhost' (mysql8-19853d88f3b-260fa932a76824ca)
> Start DBeaver MySQL Support [org.jkiss.dbeaver.ext.mysql 2.1.175.202209251341]
2025-08-06 10:37:28.477 - Execution context opened (localhost; Main; 0)
> Start DBeaver GIS Support [org.jkiss.dbeaver.data.gis 1.0.114.202209251341]
2025-08-06 10:37:28.865 - Execution context opened (localhost; Metadata; 1)
2025-08-06 10:37:29.097 - Connected (mysql8-19853d88f3b-260fa932a76824ca, MySQL Connector/J [mysql-connector-java-8.0.29 (Revision: dd61577595edad45c398af508cf91ad26fc4144f)])
2025-08-06 10:37:29.121 - Execution context opened (localhost; SQLEditor <jsp.sql>; 2)
2025-08-06 10:37:29.564 - Open [https://dbeaver.io/product/version.xml]
2025-08-06 10:38:44.580 - Connect with 'localhost' (mysql8-197ce99b49d-1d0cd698c7501ae8)
2025-08-06 10:38:44.581 - Execution context opened (localhost; Main; 3)
2025-08-06 10:38:44.622 - Execution context opened (localhost; Metadata; 4)
2025-08-06 10:38:44.682 - Connected (mysql8-197ce99b49d-1d0cd698c7501ae8, MySQL Connector/J [mysql-connector-java-8.0.29 (Revision: dd61577595edad45c398af508cf91ad26fc4144f)])
> Start DBeaver MySQL UI Support [org.jkiss.dbeaver.ext.mysql.ui 1.0.82.202209251341]
2025-08-06 10:40:53.276 - Execution context opened (localhost; SQLEditor <ddl.sql>; 5)
2025-08-06 10:44:13.781 - SQL Error [1146] [42S02]: Table 'ddl.tbl_file' doesn't exist
org.jkiss.dbeaver.model.sql.DBSQLException: SQL Error [1146] [42S02]: Table 'ddl.tbl_file' doesn't exist
	at org.jkiss.dbeaver.model.impl.jdbc.exec.JDBCStatementImpl.executeStatement(JDBCStatementImpl.java:133)
	at org.jkiss.dbeaver.ui.editors.sql.execute.SQLQueryJob.executeStatement(SQLQueryJob.java:577)
	at org.jkiss.dbeaver.ui.editors.sql.execute.SQLQueryJob.lambda$1(SQLQueryJob.java:486)
	at org.jkiss.dbeaver.model.exec.DBExecUtils.tryExecuteRecover(DBExecUtils.java:172)
	at org.jkiss.dbeaver.ui.editors.sql.execute.SQLQueryJob.executeSingleQuery(SQLQueryJob.java:493)
	at org.jkiss.dbeaver.ui.editors.sql.execute.SQLQueryJob.extractData(SQLQueryJob.java:894)
	at org.jkiss.dbeaver.ui.editors.sql.SQLEditor$QueryResultsContainer.readData(SQLEditor.java:3647)
	at org.jkiss.dbeaver.ui.controls.resultset.ResultSetJobDataRead.lambda$0(ResultSetJobDataRead.java:123)
	at org.jkiss.dbeaver.model.exec.DBExecUtils.tryExecuteRecover(DBExecUtils.java:172)
	at org.jkiss.dbeaver.ui.controls.resultset.ResultSetJobDataRead.run(ResultSetJobDataRead.java:121)
	at org.jkiss.dbeaver.ui.controls.resultset.ResultSetViewer$ResultSetDataPumpJob.run(ResultSetViewer.java:4949)
	at org.jkiss.dbeaver.model.runtime.AbstractJob.run(AbstractJob.java:105)
	at org.eclipse.core.internal.jobs.Worker.run(Worker.java:63)
Caused by: java.sql.SQLSyntaxErrorException: Table 'ddl.tbl_file' doesn't exist
	at com.mysql.cj.jdbc.exceptions.SQLError.createSQLException(SQLError.java:120)
	at com.mysql.cj.jdbc.exceptions.SQLExceptionsMapping.translateException(SQLExceptionsMapping.java:122)
	at com.mysql.cj.jdbc.StatementImpl.executeInternal(StatementImpl.java:763)
	at com.mysql.cj.jdbc.StatementImpl.execute(StatementImpl.java:648)
	at org.jkiss.dbeaver.model.impl.jdbc.exec.JDBCStatementImpl.execute(JDBCStatementImpl.java:329)
	at org.jkiss.dbeaver.model.impl.jdbc.exec.JDBCStatementImpl.lambda$0(JDBCStatementImpl.java:131)
	at org.jkiss.dbeaver.utils.SecurityManagerUtils.wrapDriverActions(SecurityManagerUtils.java:96)
	at org.jkiss.dbeaver.model.impl.jdbc.exec.JDBCStatementImpl.executeStatement(JDBCStatementImpl.java:131)
	... 12 more
2025-08-06 13:29:56.142 - System suspend detected! Reinitialize all remote connections.
2025-08-06 13:35:41.784 - Execution context closed (localhost, 2)
2025-08-06 13:35:42.097 - Execution context closed (localhost, 5)
2025-08-06 13:35:42.480 - org.eclipse.swt.SWTException: Widget is disposed
org.eclipse.swt.SWTException: Widget is disposed
	at org.eclipse.swt.SWT.error(SWT.java:4918)
	at org.eclipse.swt.SWT.error(SWT.java:4833)
	at org.eclipse.swt.SWT.error(SWT.java:4804)
	at org.eclipse.swt.widgets.Widget.error(Widget.java:450)
	at org.eclipse.swt.widgets.Widget.checkWidget(Widget.java:369)
	at org.eclipse.swt.widgets.Text.getText(Text.java:1442)
	at org.jkiss.dbeaver.ui.controls.CustomFormEditor.setEditorValue(CustomFormEditor.java:408)
	at org.jkiss.dbeaver.ui.controls.CustomFormEditor.loadEditorValues(CustomFormEditor.java:362)
	at org.jkiss.dbeaver.ui.editors.entity.properties.TabbedFolderPageForm.lambda$1(TabbedFolderPageForm.java:372)
	at org.jkiss.dbeaver.ui.controls.ObjectEditorPageControl$ObjectsLoadVisualizer.completeLoading(ObjectEditorPageControl.java:171)
	at org.jkiss.dbeaver.ui.LoadingJob$LoadFinisher.run(LoadingJob.java:130)
	at org.eclipse.swt.widgets.RunnableLock.run(RunnableLock.java:40)
	at org.eclipse.swt.widgets.Synchronizer.runAsyncMessages(Synchronizer.java:132)
	at org.eclipse.swt.widgets.Display.runAsyncMessages(Display.java:4043)
	at org.eclipse.swt.widgets.Display.readAndDispatch(Display.java:3648)
	at org.eclipse.jface.operation.ModalContext$ModalContextThread.block(ModalContext.java:166)
	at org.eclipse.jface.operation.ModalContext.run(ModalContext.java:368)
	at org.eclipse.jface.dialogs.ProgressMonitorDialog.run(ProgressMonitorDialog.java:470)
	at org.eclipse.ui.internal.progress.ProgressMonitorJobsDialog.run(ProgressMonitorJobsDialog.java:230)
	at org.eclipse.ui.internal.ide.application.IDEWorkbenchAdvisor.disconnectFromWorkspace(IDEWorkbenchAdvisor.java:560)
	at org.eclipse.ui.internal.ide.application.IDEWorkbenchAdvisor$2.run(IDEWorkbenchAdvisor.java:367)
	at org.eclipse.ui.internal.ide.application.IDEWorkbenchAdvisor.postShutdown(IDEWorkbenchAdvisor.java:388)
	at org.jkiss.dbeaver.ui.app.standalone.ApplicationWorkbenchAdvisor.postShutdown(ApplicationWorkbenchAdvisor.java:268)
	at org.eclipse.ui.internal.Workbench.shutdown(Workbench.java:2942)
	at org.eclipse.ui.internal.Workbench.busyClose(Workbench.java:1124)
	at org.eclipse.ui.internal.Workbench.lambda$4(Workbench.java:1392)
	at org.eclipse.swt.custom.BusyIndicator.showWhile(BusyIndicator.java:74)
	at org.eclipse.ui.internal.Workbench.close(Workbench.java:1392)
	at org.eclipse.ui.internal.Workbench.close(Workbench.java:1368)
	at org.eclipse.ui.internal.WorkbenchWindow.busyClose(WorkbenchWindow.java:1716)
	at org.eclipse.ui.internal.WorkbenchWindow.lambda$5(WorkbenchWindow.java:1743)
	at org.eclipse.swt.custom.BusyIndicator.showWhile(BusyIndicator.java:74)
	at org.eclipse.ui.internal.WorkbenchWindow.close(WorkbenchWindow.java:1743)
	at org.eclipse.ui.internal.WorkbenchWindow.close(WorkbenchWindow.java:1752)
	at org.eclipse.ui.internal.WorkbenchWindow.lambda$2(WorkbenchWindow.java:503)
	at org.eclipse.e4.ui.workbench.renderers.swt.WBWRenderer.lambda$4(WBWRenderer.java:570)
	at org.eclipse.swt.events.ShellListener$2.shellClosed(ShellListener.java:102)
	at org.eclipse.swt.widgets.TypedListener.handleEvent(TypedListener.java:102)
	at org.eclipse.swt.widgets.EventTable.sendEvent(EventTable.java:89)
	at org.eclipse.swt.widgets.Display.sendEvent(Display.java:4251)
	at org.eclipse.swt.widgets.Widget.sendEvent(Widget.java:1066)
	at org.eclipse.swt.widgets.Widget.sendEvent(Widget.java:1090)
	at org.eclipse.swt.widgets.Widget.sendEvent(Widget.java:1075)
	at org.eclipse.swt.widgets.Decorations.closeWidget(Decorations.java:269)
	at org.eclipse.swt.widgets.Decorations.WM_CLOSE(Decorations.java:1552)
	at org.eclipse.swt.widgets.Control.windowProc(Control.java:4748)
	at org.eclipse.swt.widgets.Canvas.windowProc(Canvas.java:340)
	at org.eclipse.swt.widgets.Decorations.windowProc(Decorations.java:1480)
	at org.eclipse.swt.widgets.Shell.windowProc(Shell.java:2286)
	at org.eclipse.swt.widgets.Display.windowProc(Display.java:5026)
	at org.eclipse.swt.internal.win32.OS.DefWindowProc(Native Method)
	at org.eclipse.swt.widgets.Shell.callWindowProc(Shell.java:508)
	at org.eclipse.swt.widgets.Control.windowProc(Control.java:4847)
	at org.eclipse.swt.widgets.Canvas.windowProc(Canvas.java:340)
	at org.eclipse.swt.widgets.Decorations.windowProc(Decorations.java:1480)
	at org.eclipse.swt.widgets.Shell.windowProc(Shell.java:2286)
	at org.eclipse.swt.widgets.Display.windowProc(Display.java:5026)
	at org.eclipse.swt.internal.win32.OS.DefWindowProc(Native Method)
	at org.eclipse.swt.widgets.Shell.callWindowProc(Shell.java:508)
	at org.eclipse.swt.widgets.Control.windowProc(Control.java:4847)
	at org.eclipse.swt.widgets.Canvas.windowProc(Canvas.java:340)
	at org.eclipse.swt.widgets.Decorations.windowProc(Decorations.java:1480)
	at org.eclipse.swt.widgets.Shell.windowProc(Shell.java:2286)
	at org.eclipse.swt.widgets.Display.windowProc(Display.java:5026)
	at org.eclipse.swt.internal.win32.OS.DispatchMessage(Native Method)
	at org.eclipse.swt.widgets.Display.readAndDispatch(Display.java:3643)
	at org.eclipse.e4.ui.internal.workbench.swt.PartRenderingEngine$5.run(PartRenderingEngine.java:1155)
	at org.eclipse.core.databinding.observable.Realm.runWithDefault(Realm.java:338)
	at org.eclipse.e4.ui.internal.workbench.swt.PartRenderingEngine.run(PartRenderingEngine.java:1046)
	at org.eclipse.e4.ui.internal.workbench.E4Workbench.createAndRunUI(E4Workbench.java:155)
	at org.eclipse.ui.internal.Workbench.lambda$3(Workbench.java:644)
	at org.eclipse.core.databinding.observable.Realm.runWithDefault(Realm.java:338)
	at org.eclipse.ui.internal.Workbench.createAndRunWorkbench(Workbench.java:551)
	at org.eclipse.ui.PlatformUI.createAndRunWorkbench(PlatformUI.java:156)
	at org.jkiss.dbeaver.ui.app.standalone.DBeaverApplication.start(DBeaverApplication.java:284)
	at org.eclipse.equinox.internal.app.EclipseAppHandle.run(EclipseAppHandle.java:203)
	at org.eclipse.core.runtime.internal.adaptor.EclipseAppLauncher.runApplication(EclipseAppLauncher.java:136)
	at org.eclipse.core.runtime.internal.adaptor.EclipseAppLauncher.start(EclipseAppLauncher.java:104)
	at org.eclipse.core.runtime.adaptor.EclipseStarter.run(EclipseStarter.java:402)
	at org.eclipse.core.runtime.adaptor.EclipseStarter.run(EclipseStarter.java:255)
	at java.base/jdk.internal.reflect.NativeMethodAccessorImpl.invoke0(Native Method)
	at java.base/jdk.internal.reflect.NativeMethodAccessorImpl.invoke(Unknown Source)
	at java.base/jdk.internal.reflect.DelegatingMethodAccessorImpl.invoke(Unknown Source)
	at java.base/java.lang.reflect.Method.invoke(Unknown Source)
	at org.eclipse.equinox.launcher.Main.invokeFramework(Main.java:659)
	at org.eclipse.equinox.launcher.Main.basicRun(Main.java:596)
	at org.eclipse.equinox.launcher.Main.run(Main.java:1467)
2025-08-06 13:35:42.541 - org.eclipse.swt.SWTException: Widget is disposed
org.eclipse.swt.SWTException: Widget is disposed
	at org.eclipse.swt.SWT.error(SWT.java:4918)
	at org.eclipse.swt.SWT.error(SWT.java:4833)
	at org.eclipse.swt.SWT.error(SWT.java:4804)
	at org.eclipse.swt.widgets.Widget.error(Widget.java:450)
	at org.eclipse.swt.widgets.Widget.checkWidget(Widget.java:369)
	at org.eclipse.swt.widgets.Text.getText(Text.java:1442)
	at org.jkiss.dbeaver.ui.controls.CustomFormEditor.setEditorValue(CustomFormEditor.java:408)
	at org.jkiss.dbeaver.ui.controls.CustomFormEditor.loadEditorValues(CustomFormEditor.java:362)
	at org.jkiss.dbeaver.ui.editors.entity.properties.TabbedFolderPageForm.lambda$1(TabbedFolderPageForm.java:372)
	at org.jkiss.dbeaver.ui.controls.ObjectEditorPageControl$ObjectsLoadVisualizer.completeLoading(ObjectEditorPageControl.java:171)
	at org.jkiss.dbeaver.ui.LoadingJob$LoadFinisher.run(LoadingJob.java:130)
	at org.eclipse.swt.widgets.RunnableLock.run(RunnableLock.java:40)
	at org.eclipse.swt.widgets.Synchronizer.runAsyncMessages(Synchronizer.java:132)
	at org.eclipse.swt.widgets.Display.runAsyncMessages(Display.java:4043)
	at org.eclipse.swt.widgets.Display.readAndDispatch(Display.java:3648)
	at org.eclipse.jface.operation.ModalContext$ModalContextThread.block(ModalContext.java:166)
	at org.eclipse.jface.operation.ModalContext.run(ModalContext.java:368)
	at org.eclipse.jface.dialogs.ProgressMonitorDialog.run(ProgressMonitorDialog.java:470)
	at org.eclipse.ui.internal.progress.ProgressMonitorJobsDialog.run(ProgressMonitorJobsDialog.java:230)
	at org.eclipse.ui.internal.ide.application.IDEWorkbenchAdvisor.disconnectFromWorkspace(IDEWorkbenchAdvisor.java:560)
	at org.eclipse.ui.internal.ide.application.IDEWorkbenchAdvisor$2.run(IDEWorkbenchAdvisor.java:367)
	at org.eclipse.ui.internal.ide.application.IDEWorkbenchAdvisor.postShutdown(IDEWorkbenchAdvisor.java:388)
	at org.jkiss.dbeaver.ui.app.standalone.ApplicationWorkbenchAdvisor.postShutdown(ApplicationWorkbenchAdvisor.java:268)
	at org.eclipse.ui.internal.Workbench.shutdown(Workbench.java:2942)
	at org.eclipse.ui.internal.Workbench.busyClose(Workbench.java:1124)
	at org.eclipse.ui.internal.Workbench.lambda$4(Workbench.java:1392)
	at org.eclipse.swt.custom.BusyIndicator.showWhile(BusyIndicator.java:74)
	at org.eclipse.ui.internal.Workbench.close(Workbench.java:1392)
	at org.eclipse.ui.internal.Workbench.close(Workbench.java:1368)
	at org.eclipse.ui.internal.WorkbenchWindow.busyClose(WorkbenchWindow.java:1716)
	at org.eclipse.ui.internal.WorkbenchWindow.lambda$5(WorkbenchWindow.java:1743)
	at org.eclipse.swt.custom.BusyIndicator.showWhile(BusyIndicator.java:74)
	at org.eclipse.ui.internal.WorkbenchWindow.close(WorkbenchWindow.java:1743)
	at org.eclipse.ui.internal.WorkbenchWindow.close(WorkbenchWindow.java:1752)
	at org.eclipse.ui.internal.WorkbenchWindow.lambda$2(WorkbenchWindow.java:503)
	at org.eclipse.e4.ui.workbench.renderers.swt.WBWRenderer.lambda$4(WBWRenderer.java:570)
	at org.eclipse.swt.events.ShellListener$2.shellClosed(ShellListener.java:102)
	at org.eclipse.swt.widgets.TypedListener.handleEvent(TypedListener.java:102)
	at org.eclipse.swt.widgets.EventTable.sendEvent(EventTable.java:89)
	at org.eclipse.swt.widgets.Display.sendEvent(Display.java:4251)
	at org.eclipse.swt.widgets.Widget.sendEvent(Widget.java:1066)
	at org.eclipse.swt.widgets.Widget.sendEvent(Widget.java:1090)
	at org.eclipse.swt.widgets.Widget.sendEvent(Widget.java:1075)
	at org.eclipse.swt.widgets.Decorations.closeWidget(Decorations.java:269)
	at org.eclipse.swt.widgets.Decorations.WM_CLOSE(Decorations.java:1552)
	at org.eclipse.swt.widgets.Control.windowProc(Control.java:4748)
	at org.eclipse.swt.widgets.Canvas.windowProc(Canvas.java:340)
	at org.eclipse.swt.widgets.Decorations.windowProc(Decorations.java:1480)
	at org.eclipse.swt.widgets.Shell.windowProc(Shell.java:2286)
	at org.eclipse.swt.widgets.Display.windowProc(Display.java:5026)
	at org.eclipse.swt.internal.win32.OS.DefWindowProc(Native Method)
	at org.eclipse.swt.widgets.Shell.callWindowProc(Shell.java:508)
	at org.eclipse.swt.widgets.Control.windowProc(Control.java:4847)
	at org.eclipse.swt.widgets.Canvas.windowProc(Canvas.java:340)
	at org.eclipse.swt.widgets.Decorations.windowProc(Decorations.java:1480)
	at org.eclipse.swt.widgets.Shell.windowProc(Shell.java:2286)
	at org.eclipse.swt.widgets.Display.windowProc(Display.java:5026)
	at org.eclipse.swt.internal.win32.OS.DefWindowProc(Native Method)
	at org.eclipse.swt.widgets.Shell.callWindowProc(Shell.java:508)
	at org.eclipse.swt.widgets.Control.windowProc(Control.java:4847)
	at org.eclipse.swt.widgets.Canvas.windowProc(Canvas.java:340)
	at org.eclipse.swt.widgets.Decorations.windowProc(Decorations.java:1480)
	at org.eclipse.swt.widgets.Shell.windowProc(Shell.java:2286)
	at org.eclipse.swt.widgets.Display.windowProc(Display.java:5026)
	at org.eclipse.swt.internal.win32.OS.DispatchMessage(Native Method)
	at org.eclipse.swt.widgets.Display.readAndDispatch(Display.java:3643)
	at org.eclipse.e4.ui.internal.workbench.swt.PartRenderingEngine$5.run(PartRenderingEngine.java:1155)
	at org.eclipse.core.databinding.observable.Realm.runWithDefault(Realm.java:338)
	at org.eclipse.e4.ui.internal.workbench.swt.PartRenderingEngine.run(PartRenderingEngine.java:1046)
	at org.eclipse.e4.ui.internal.workbench.E4Workbench.createAndRunUI(E4Workbench.java:155)
	at org.eclipse.ui.internal.Workbench.lambda$3(Workbench.java:644)
	at org.eclipse.core.databinding.observable.Realm.runWithDefault(Realm.java:338)
	at org.eclipse.ui.internal.Workbench.createAndRunWorkbench(Workbench.java:551)
	at org.eclipse.ui.PlatformUI.createAndRunWorkbench(PlatformUI.java:156)
	at org.jkiss.dbeaver.ui.app.standalone.DBeaverApplication.start(DBeaverApplication.java:284)
	at org.eclipse.equinox.internal.app.EclipseAppHandle.run(EclipseAppHandle.java:203)
	at org.eclipse.core.runtime.internal.adaptor.EclipseAppLauncher.runApplication(EclipseAppLauncher.java:136)
	at org.eclipse.core.runtime.internal.adaptor.EclipseAppLauncher.start(EclipseAppLauncher.java:104)
	at org.eclipse.core.runtime.adaptor.EclipseStarter.run(EclipseStarter.java:402)
	at org.eclipse.core.runtime.adaptor.EclipseStarter.run(EclipseStarter.java:255)
	at java.base/jdk.internal.reflect.NativeMethodAccessorImpl.invoke0(Native Method)
	at java.base/jdk.internal.reflect.NativeMethodAccessorImpl.invoke(Unknown Source)
	at java.base/jdk.internal.reflect.DelegatingMethodAccessorImpl.invoke(Unknown Source)
	at java.base/java.lang.reflect.Method.invoke(Unknown Source)
	at org.eclipse.equinox.launcher.Main.invokeFramework(Main.java:659)
	at org.eclipse.equinox.launcher.Main.basicRun(Main.java:596)
	at org.eclipse.equinox.launcher.Main.run(Main.java:1467)
2025-08-06 13:35:42.928 - DBeaver is stopping
2025-08-06 13:35:42.930 - Stop RMI server
2025-08-06 13:35:42.959 - RMI controller has been stopped
2025-08-06 13:35:42.967 - DBeaver shutdown completed
